INFO 2025-09-09 21:13:42 /learner.py:154 Learner logging initialized, writing to outputs/train/write2d_sac/logs/learner_write2d_sac.log
INFO 2025-09-09 21:13:42 /learner.py:155 {'batch_size': 256,
 'dataset': {'episodes': None,
             'image_transforms': {'enable': False,
                                  'max_num_transforms': 3,
                                  'random_order': False,
                                  'tfs': {'brightness': {'kwargs': {'brightness': [0.8,
                                                                                   1.2]},
                                                         'type': 'ColorJitter',
                                                         'weight': 1.0},
                                          'contrast': {'kwargs': {'contrast': [0.8,
                                                                               1.2]},
                                                       'type': 'ColorJitter',
                                                       'weight': 1.0},
                                          'hue': {'kwargs': {'hue': [-0.05,
                                                                     0.05]},
                                                  'type': 'ColorJitter',
                                                  'weight': 1.0},
                                          'saturation': {'kwargs': {'saturation': [0.5,
                                                                                   1.5]},
                                                         'type': 'ColorJitter',
                                                         'weight': 1.0},
                                          'sharpness': {'kwargs': {'sharpness': [0.5,
                                                                                 1.5]},
                                                        'type': 'SharpnessJitter',
                                                        'weight': 1.0}}},
             'repo_id': 'None',
             'revision': None,
             'root': 'local_datasets/write2d_empty',
             'use_imagenet_stats': True,
             'video_backend': 'torchcodec'},
 'env': {'action_dim': 4,
         'dataset_root': None,
         'device': 'cuda',
         'episode': 0,
         'episode_length': 100,
         'features': {'action': {'shape': [3],
                                 'type': <FeatureType.ACTION: 'ACTION'>},
                      'observation.state': {'shape': [6],
                                            'type': <FeatureType.STATE: 'STATE'>}},
         'features_map': {'action': 'action', 'observation.state': 'state6'},
         'fps': 20,
         'gripper_penalty': 0.0,
         'mode': None,
         'name': 'write2d_sim',
         'num_episodes': 10,
         'number_of_steps_after_success': 0,
         'pretrained_policy_name_or_path': None,
         'push_to_hub': True,
         'repo_id': None,
         'reward_classifier_pretrained_path': None,
         'robot_config': None,
         'state_dim': 18,
         'task': 'SO101Write2D-LeRobot-v0',
         'teleop_config': None,
         'type': 'hil',
         'use_gamepad': True,
         'use_viewer': False,
         'video_record': {'enabled': False,
                          'record_dir': 'videos',
                          'trajectory_name': 'trajectory'},
         'wrapper': {'add_current_to_observation': False,
                     'add_ee_pose_to_observation': False,
                     'add_joint_velocity_to_observation': False,
                     'control_mode': 'gamepad',
                     'control_time_s': 20.0,
                     'crop_params_dict': None,
                     'display_cameras': False,
                     'fixed_reset_joint_positions': None,
                     'gripper_penalty': 0.0,
                     'gripper_penalty_in_reward': False,
                     'gripper_quantization_threshold': 0.8,
                     'reset_time_s': 5.0,
                     'resize_size': None,
                     'use_gripper': False}},
 'eval': {'batch_size': 50, 'n_episodes': 50, 'use_async_envs': False},
 'eval_freq': 20000,
 'job_name': 'write2d_sac',
 'log_freq': 200,
 'num_workers': 4,
 'optimizer': {'grad_clip_norm': 10.0,
               'lr': 0.001,
               'optimizer_groups': {'actor': {'lr': 0.0003},
                                    'critic': {'lr': 0.0003},
                                    'temperature': {'lr': 0.0003}},
               'type': 'multi_adam',
               'weight_decay': 0.0},
 'output_dir': 'outputs/train/write2d_sac',
 'policy': {'actor_learner_config': {'learner_host': '127.0.0.1',
                                     'learner_port': 50055,
                                     'policy_parameters_push_frequency': 50,
                                     'queue_get_timeout': 2},
            'actor_lr': 0.0003,
            'actor_network_kwargs': {'activate_final': True,
                                     'hidden_dims': [256, 256]},
            'async_prefetch': False,
            'concurrency': {'actor': 'threads', 'learner': 'threads'},
            'critic_lr': 0.0003,
            'critic_network_kwargs': {'activate_final': True,
                                      'final_activation': None,
                                      'hidden_dims': [256, 256]},
            'critic_target_update_weight': 0.005,
            'dataset_stats': {'action': {'max': [1.0, 1.0, 1.0],
                                         'min': [0.0, 0.0, 0.0]},
                              'observation.image': {'mean': [0.485,
                                                             0.456,
                                                             0.406],
                                                    'std': [0.229,
                                                            0.224,
                                                            0.225]},
                              'observation.state': {'max': [1.0, 1.0],
                                                    'min': [0.0, 0.0]}},
            'device': 'cuda',
            'discount': 0.97,
            'discrete_critic_network_kwargs': {'activate_final': True,
                                               'final_activation': None,
                                               'hidden_dims': [256, 256]},
            'freeze_vision_encoder': True,
            'grad_clip_norm': 40.0,
            'image_embedding_pooling_dim': 8,
            'image_encoder_hidden_dim': 32,
            'input_features': {'observation.state': {'shape': [6],
                                                     'type': <FeatureType.STATE: 'STATE'>}},
            'latent_dim': 256,
            'license': None,
            'n_obs_steps': 1,
            'normalization_mapping': {'ACTION': <NormalizationMode.MIN_MAX: 'MIN_MAX'>,
                                      'ENV': <NormalizationMode.MIN_MAX: 'MIN_MAX'>,
                                      'STATE': <NormalizationMode.MIN_MAX: 'MIN_MAX'>,
                                      'VISUAL': <NormalizationMode.MEAN_STD: 'MEAN_STD'>},
            'num_critics': 2,
            'num_discrete_actions': None,
            'num_subsample_critics': None,
            'offline_buffer_capacity': 0,
            'online_buffer_capacity': 100000,
            'online_env_seed': 10000,
            'online_step_before_learning': 100,
            'online_steps': 1000000,
            'output_features': {'action': {'shape': [3],
                                           'type': <FeatureType.ACTION: 'ACTION'>}},
            'policy_kwargs': {'init_final': 0.05,
                              'std_max': 10.0,
                              'std_min': 1e-05,
                              'use_tanh_squash': True},
            'policy_update_freq': 1,
            'private': None,
            'push_to_hub': False,
            'repo_id': None,
            'shared_encoder': True,
            'state_encoder_hidden_dim': 256,
            'storage_device': 'cpu',
            'tags': None,
            'target_entropy': None,
            'temperature_init': 1.0,
            'temperature_lr': 0.0003,
            'type': 'sac',
            'use_amp': False,
            'use_backup_entropy': True,
            'use_torch_compile': True,
            'utd_ratio': 2,
            'vision_encoder_name': None},
 'resume': False,
 'save_checkpoint': True,
 'save_freq': 20000,
 'scheduler': None,
 'seed': 1000,
 'steps': 100000,
 'use_policy_training_preset': True,
 'wandb': {'disable_artifact': False,
           'enable': False,
           'entity': None,
           'mode': None,
           'notes': None,
           'project': 'lerobot',
           'run_id': None}}
INFO 2025-09-09 21:13:42 /learner.py:164 [1m[33mLogs will be saved locally.[0m
INFO 2025-09-09 21:13:42 /learner.py:313 Initializing policy
WARNING 2025-09-09 21:13:42 /factory.py:153 You are instantiating a policy from scratch and its features are parsed from an environment rather than a dataset. Normalization modules inside the policy will have infinite values by default without stats from a dataset.
INFO 2025-09-09 21:13:42 /learner.py:675 [LEARNER] gRPC server started
DEBUG 2025-09-09 21:13:43 learner.py:1114 [LEARNER] Pushing actor policy to the queue
INFO 2025-09-09 21:13:43 /learner.py:936 [1m[33mOutput dir:[0m outputs/train/write2d_sac
INFO 2025-09-09 21:13:43 /learner.py:937 cfg.env.task='SO101Write2D-LeRobot-v0'
INFO 2025-09-09 21:13:43 /learner.py:938 cfg.policy.online_steps=1000000
INFO 2025-09-09 21:13:43 /learner.py:939 num_learnable_params=670987 (671K)
INFO 2025-09-09 21:13:43 /learner.py:940 num_total_params=670987 (671K)
INFO 2025-09-09 21:13:43 /learner.py:347 Starting learner thread
INFO 2025-09-09 21:14:07 r_service.py:90 [LEARNER] Received request to receive transitions from the Actor
INFO 2025-09-09 21:14:07 ort/utils.py:74 [LEARNER] transitions Starting receiver
INFO 2025-09-09 21:14:07 _service.py:104 [LEARNER] Received request to receive interactions from the Actor
INFO 2025-09-09 21:14:07 ort/utils.py:74 [LEARNER] interactions Starting receiver
INFO 2025-09-09 21:14:07 r_service.py:55 [LEARNER] Received request to stream parameters from the Actor
INFO 2025-09-09 21:14:07 r_service.py:67 [LEARNER] Push parameters to the Actor
DEBUG 2025-09-09 21:14:07 ort/utils.py:50 [LEARNER] Sending parameters Buffer size 0.5260438919067383 MB with
DEBUG 2025-09-09 21:14:07 ort/utils.py:65 [LEARNER] Sending parameters Sent 551597/551597 bytes with state 3
DEBUG 2025-09-09 21:14:07 ort/utils.py:67 [LEARNER] Sending parameters Published 0.5260438919067383 MB
INFO 2025-09-09 21:14:07 r_service.py:83 [LEARNER] Parameters sent
DEBUG 2025-09-09 21:14:30 ort/utils.py:76 [LEARNER] interactions Received item
DEBUG 2025-09-09 21:14:30 ort/utils.py:93 [LEARNER] interactions Received data at step end size 192
DEBUG 2025-09-09 21:14:30 ort/utils.py:76 [LEARNER] transitions Received item
DEBUG 2025-09-09 21:14:30 ort/utils.py:93 [LEARNER] transitions Received data at step end size 1049079
DEBUG 2025-09-09 21:14:30 rt/utils.py:104 [LEARNER] interactions Queue updated
DEBUG 2025-09-09 21:14:30 rt/utils.py:104 [LEARNER] transitions Queue updated
DEBUG 2025-09-09 21:14:51 ort/utils.py:76 [LEARNER] transitions Received item
DEBUG 2025-09-09 21:14:51 ort/utils.py:93 [LEARNER] transitions Received data at step end size 1049463
DEBUG 2025-09-09 21:14:51 rt/utils.py:104 [LEARNER] transitions Queue updated
DEBUG 2025-09-09 21:14:51 ort/utils.py:76 [LEARNER] interactions Received item
DEBUG 2025-09-09 21:14:51 ort/utils.py:93 [LEARNER] interactions Received data at step end size 192
DEBUG 2025-09-09 21:14:51 rt/utils.py:104 [LEARNER] interactions Queue updated
INFO 2025-09-09 21:14:57 r_service.py:67 [LEARNER] Push parameters to the Actor
INFO 2025-09-09 21:14:59 r_service.py:67 [LEARNER] Push parameters to the Actor
INFO 2025-09-09 21:15:01 r_service.py:67 [LEARNER] Push parameters to the Actor
INFO 2025-09-09 21:15:03 r_service.py:67 [LEARNER] Push parameters to the Actor
INFO 2025-09-09 21:15:05 r_service.py:67 [LEARNER] Push parameters to the Actor
INFO 2025-09-09 21:15:07 r_service.py:67 [LEARNER] Push parameters to the Actor
INFO 2025-09-09 21:15:09 r_service.py:67 [LEARNER] Push parameters to the Actor
INFO 2025-09-09 21:15:11 r_service.py:67 [LEARNER] Push parameters to the Actor
DEBUG 2025-09-09 21:15:12 ort/utils.py:76 [LEARNER] transitions Received item
DEBUG 2025-09-09 21:15:12 ort/utils.py:93 [LEARNER] transitions Received data at step end size 1049463
DEBUG 2025-09-09 21:15:12 rt/utils.py:104 [LEARNER] transitions Queue updated
DEBUG 2025-09-09 21:15:12 ort/utils.py:76 [LEARNER] interactions Received item
DEBUG 2025-09-09 21:15:12 ort/utils.py:93 [LEARNER] interactions Received data at step end size 192
DEBUG 2025-09-09 21:15:12 rt/utils.py:104 [LEARNER] interactions Queue updated
INFO 2025-09-09 21:15:13 r_service.py:67 [LEARNER] Push parameters to the Actor
INFO 2025-09-09 21:15:15 r_service.py:67 [LEARNER] Push parameters to the Actor
INFO 2025-09-09 21:15:17 r_service.py:67 [LEARNER] Push parameters to the Actor
INFO 2025-09-09 21:15:19 r_service.py:67 [LEARNER] Push parameters to the Actor
INFO 2025-09-09 21:15:21 r_service.py:67 [LEARNER] Push parameters to the Actor
INFO 2025-09-09 21:15:23 r_service.py:67 [LEARNER] Push parameters to the Actor
INFO 2025-09-09 21:15:25 r_service.py:67 [LEARNER] Push parameters to the Actor
INFO 2025-09-09 21:15:27 r_service.py:67 [LEARNER] Push parameters to the Actor
INFO 2025-09-09 21:15:29 r_service.py:67 [LEARNER] Push parameters to the Actor
INFO 2025-09-09 21:15:31 r_service.py:67 [LEARNER] Push parameters to the Actor
INFO 2025-09-09 21:15:33 r_service.py:67 [LEARNER] Push parameters to the Actor
DEBUG 2025-09-09 21:15:33 ort/utils.py:76 [LEARNER] transitions Received item
DEBUG 2025-09-09 21:15:33 ort/utils.py:93 [LEARNER] transitions Received data at step end size 1049463
DEBUG 2025-09-09 21:15:33 rt/utils.py:104 [LEARNER] transitions Queue updated
DEBUG 2025-09-09 21:15:33 ort/utils.py:76 [LEARNER] interactions Received item
DEBUG 2025-09-09 21:15:33 ort/utils.py:93 [LEARNER] interactions Received data at step end size 192
DEBUG 2025-09-09 21:15:33 rt/utils.py:104 [LEARNER] interactions Queue updated
INFO 2025-09-09 21:15:35 r_service.py:67 [LEARNER] Push parameters to the Actor
INFO 2025-09-09 21:15:37 r_service.py:67 [LEARNER] Push parameters to the Actor
INFO 2025-09-09 21:15:39 r_service.py:67 [LEARNER] Push parameters to the Actor
INFO 2025-09-09 21:15:41 r_service.py:67 [LEARNER] Push parameters to the Actor
INFO 2025-09-09 21:15:43 r_service.py:67 [LEARNER] Push parameters to the Actor
INFO 2025-09-09 21:15:45 r_service.py:67 [LEARNER] Push parameters to the Actor
INFO 2025-09-09 21:15:47 r_service.py:67 [LEARNER] Push parameters to the Actor
INFO 2025-09-09 21:15:49 r_service.py:67 [LEARNER] Push parameters to the Actor
INFO 2025-09-09 21:15:51 r_service.py:67 [LEARNER] Push parameters to the Actor
INFO 2025-09-09 21:15:53 r_service.py:67 [LEARNER] Push parameters to the Actor
DEBUG 2025-09-09 21:15:54 ort/utils.py:76 [LEARNER] transitions Received item
DEBUG 2025-09-09 21:15:54 ort/utils.py:93 [LEARNER] transitions Received data at step end size 1049463
DEBUG 2025-09-09 21:15:54 rt/utils.py:104 [LEARNER] transitions Queue updated
DEBUG 2025-09-09 21:15:54 ort/utils.py:76 [LEARNER] interactions Received item
DEBUG 2025-09-09 21:15:54 ort/utils.py:93 [LEARNER] interactions Received data at step end size 192
DEBUG 2025-09-09 21:15:54 rt/utils.py:104 [LEARNER] interactions Queue updated
INFO 2025-09-09 21:15:55 r_service.py:67 [LEARNER] Push parameters to the Actor
INFO 2025-09-09 21:15:57 r_service.py:67 [LEARNER] Push parameters to the Actor
INFO 2025-09-09 21:15:59 r_service.py:67 [LEARNER] Push parameters to the Actor
INFO 2025-09-09 21:16:01 r_service.py:67 [LEARNER] Push parameters to the Actor
INFO 2025-09-09 21:16:03 r_service.py:67 [LEARNER] Push parameters to the Actor
INFO 2025-09-09 21:16:05 r_service.py:67 [LEARNER] Push parameters to the Actor
INFO 2025-09-09 21:16:07 r_service.py:67 [LEARNER] Push parameters to the Actor
INFO 2025-09-09 21:16:09 r_service.py:67 [LEARNER] Push parameters to the Actor
INFO 2025-09-09 21:16:11 r_service.py:67 [LEARNER] Push parameters to the Actor
INFO 2025-09-09 21:16:13 r_service.py:67 [LEARNER] Push parameters to the Actor
INFO 2025-09-09 21:16:15 r_service.py:67 [LEARNER] Push parameters to the Actor
DEBUG 2025-09-09 21:16:15 ort/utils.py:76 [LEARNER] transitions Received item
DEBUG 2025-09-09 21:16:15 ort/utils.py:93 [LEARNER] transitions Received data at step end size 1049463
DEBUG 2025-09-09 21:16:15 rt/utils.py:104 [LEARNER] transitions Queue updated
DEBUG 2025-09-09 21:16:15 ort/utils.py:76 [LEARNER] interactions Received item
DEBUG 2025-09-09 21:16:15 ort/utils.py:93 [LEARNER] interactions Received data at step end size 192
DEBUG 2025-09-09 21:16:15 rt/utils.py:104 [LEARNER] interactions Queue updated
INFO 2025-09-09 21:16:17 r_service.py:67 [LEARNER] Push parameters to the Actor
INFO 2025-09-09 21:16:19 r_service.py:67 [LEARNER] Push parameters to the Actor
INFO 2025-09-09 21:16:21 r_service.py:67 [LEARNER] Push parameters to the Actor
INFO 2025-09-09 21:16:23 r_service.py:67 [LEARNER] Push parameters to the Actor
INFO 2025-09-09 21:16:25 r_service.py:67 [LEARNER] Push parameters to the Actor
INFO 2025-09-09 21:16:27 r_service.py:67 [LEARNER] Push parameters to the Actor
INFO 2025-09-09 21:16:29 r_service.py:67 [LEARNER] Push parameters to the Actor
INFO 2025-09-09 21:16:31 r_service.py:67 [LEARNER] Push parameters to the Actor
INFO 2025-09-09 21:16:33 r_service.py:67 [LEARNER] Push parameters to the Actor
INFO 2025-09-09 21:16:35 r_service.py:67 [LEARNER] Push parameters to the Actor
DEBUG 2025-09-09 21:16:37 ort/utils.py:76 [LEARNER] interactions Received item
DEBUG 2025-09-09 21:16:37 ort/utils.py:93 [LEARNER] interactions Received data at step end size 192
DEBUG 2025-09-09 21:16:37 rt/utils.py:104 [LEARNER] interactions Queue updated
DEBUG 2025-09-09 21:16:37 ort/utils.py:76 [LEARNER] transitions Received item
DEBUG 2025-09-09 21:16:37 ort/utils.py:93 [LEARNER] transitions Received data at step end size 1049463
DEBUG 2025-09-09 21:16:37 rt/utils.py:104 [LEARNER] transitions Queue updated
INFO 2025-09-09 21:16:37 r_service.py:67 [LEARNER] Push parameters to the Actor
INFO 2025-09-09 21:16:39 r_service.py:67 [LEARNER] Push parameters to the Actor
INFO 2025-09-09 21:16:41 r_service.py:67 [LEARNER] Push parameters to the Actor
INFO 2025-09-09 21:16:43 r_service.py:67 [LEARNER] Push parameters to the Actor
INFO 2025-09-09 21:16:45 r_service.py:67 [LEARNER] Push parameters to the Actor
INFO 2025-09-09 21:16:47 r_service.py:67 [LEARNER] Push parameters to the Actor
INFO 2025-09-09 21:16:49 r_service.py:67 [LEARNER] Push parameters to the Actor
INFO 2025-09-09 21:16:51 r_service.py:67 [LEARNER] Push parameters to the Actor
INFO 2025-09-09 21:16:53 r_service.py:67 [LEARNER] Push parameters to the Actor
INFO 2025-09-09 21:16:55 r_service.py:67 [LEARNER] Push parameters to the Actor
INFO 2025-09-09 21:16:57 r_service.py:67 [LEARNER] Push parameters to the Actor
DEBUG 2025-09-09 21:16:58 ort/utils.py:76 [LEARNER] transitions Received item
DEBUG 2025-09-09 21:16:58 ort/utils.py:93 [LEARNER] transitions Received data at step end size 1049463
DEBUG 2025-09-09 21:16:58 rt/utils.py:104 [LEARNER] transitions Queue updated
DEBUG 2025-09-09 21:16:58 ort/utils.py:76 [LEARNER] interactions Received item
DEBUG 2025-09-09 21:16:58 ort/utils.py:93 [LEARNER] interactions Received data at step end size 192
DEBUG 2025-09-09 21:16:58 rt/utils.py:104 [LEARNER] interactions Queue updated
INFO 2025-09-09 21:16:59 r_service.py:67 [LEARNER] Push parameters to the Actor
INFO 2025-09-09 21:17:01 r_service.py:67 [LEARNER] Push parameters to the Actor
INFO 2025-09-09 21:17:03 r_service.py:67 [LEARNER] Push parameters to the Actor
INFO 2025-09-09 21:17:05 r_service.py:67 [LEARNER] Push parameters to the Actor
INFO 2025-09-09 21:17:07 r_service.py:67 [LEARNER] Push parameters to the Actor
INFO 2025-09-09 21:17:09 r_service.py:67 [LEARNER] Push parameters to the Actor
INFO 2025-09-09 21:17:11 r_service.py:67 [LEARNER] Push parameters to the Actor
INFO 2025-09-09 21:17:13 r_service.py:67 [LEARNER] Push parameters to the Actor
INFO 2025-09-09 21:17:15 r_service.py:67 [LEARNER] Push parameters to the Actor
INFO 2025-09-09 21:17:17 r_service.py:67 [LEARNER] Push parameters to the Actor
DEBUG 2025-09-09 21:17:19 ort/utils.py:76 [LEARNER] transitions Received item
DEBUG 2025-09-09 21:17:19 ort/utils.py:93 [LEARNER] transitions Received data at step end size 1049463
DEBUG 2025-09-09 21:17:19 rt/utils.py:104 [LEARNER] transitions Queue updated
DEBUG 2025-09-09 21:17:19 ort/utils.py:76 [LEARNER] interactions Received item
DEBUG 2025-09-09 21:17:19 ort/utils.py:93 [LEARNER] interactions Received data at step end size 192
DEBUG 2025-09-09 21:17:19 rt/utils.py:104 [LEARNER] interactions Queue updated
INFO 2025-09-09 21:17:19 r_service.py:67 [LEARNER] Push parameters to the Actor
INFO 2025-09-09 21:17:21 r_service.py:67 [LEARNER] Push parameters to the Actor
INFO 2025-09-09 21:17:23 r_service.py:67 [LEARNER] Push parameters to the Actor
INFO 2025-09-09 21:17:25 r_service.py:67 [LEARNER] Push parameters to the Actor
INFO 2025-09-09 21:17:27 r_service.py:67 [LEARNER] Push parameters to the Actor
INFO 2025-09-09 21:17:29 r_service.py:67 [LEARNER] Push parameters to the Actor
INFO 2025-09-09 21:17:31 r_service.py:67 [LEARNER] Push parameters to the Actor
INFO 2025-09-09 21:17:33 r_service.py:67 [LEARNER] Push parameters to the Actor
INFO 2025-09-09 21:17:35 r_service.py:67 [LEARNER] Push parameters to the Actor
INFO 2025-09-09 21:17:37 r_service.py:67 [LEARNER] Push parameters to the Actor
INFO 2025-09-09 21:17:39 r_service.py:67 [LEARNER] Push parameters to the Actor
DEBUG 2025-09-09 21:17:40 ort/utils.py:76 [LEARNER] transitions Received item
DEBUG 2025-09-09 21:17:40 ort/utils.py:93 [LEARNER] transitions Received data at step end size 1049463
DEBUG 2025-09-09 21:17:40 rt/utils.py:104 [LEARNER] transitions Queue updated
DEBUG 2025-09-09 21:17:40 ort/utils.py:76 [LEARNER] interactions Received item
DEBUG 2025-09-09 21:17:40 ort/utils.py:93 [LEARNER] interactions Received data at step end size 192
DEBUG 2025-09-09 21:17:40 rt/utils.py:104 [LEARNER] interactions Queue updated
INFO 2025-09-09 21:17:41 r_service.py:67 [LEARNER] Push parameters to the Actor
INFO 2025-09-09 21:17:43 r_service.py:67 [LEARNER] Push parameters to the Actor
INFO 2025-09-09 21:17:45 r_service.py:67 [LEARNER] Push parameters to the Actor
INFO 2025-09-09 21:17:47 r_service.py:67 [LEARNER] Push parameters to the Actor
INFO 2025-09-09 21:17:49 r_service.py:67 [LEARNER] Push parameters to the Actor
INFO 2025-09-09 21:17:51 r_service.py:67 [LEARNER] Push parameters to the Actor
INFO 2025-09-09 21:17:53 r_service.py:67 [LEARNER] Push parameters to the Actor
INFO 2025-09-09 21:17:55 r_service.py:67 [LEARNER] Push parameters to the Actor
INFO 2025-09-09 21:17:57 r_service.py:67 [LEARNER] Push parameters to the Actor
INFO 2025-09-09 21:17:59 r_service.py:67 [LEARNER] Push parameters to the Actor
INFO 2025-09-09 21:18:01 r_service.py:67 [LEARNER] Push parameters to the Actor
DEBUG 2025-09-09 21:18:02 ort/utils.py:76 [LEARNER] interactions Received item
DEBUG 2025-09-09 21:18:02 ort/utils.py:93 [LEARNER] interactions Received data at step end size 192
DEBUG 2025-09-09 21:18:02 rt/utils.py:104 [LEARNER] interactions Queue updated
DEBUG 2025-09-09 21:18:02 ort/utils.py:76 [LEARNER] transitions Received item
DEBUG 2025-09-09 21:18:02 ort/utils.py:93 [LEARNER] transitions Received data at step end size 1049463
DEBUG 2025-09-09 21:18:02 rt/utils.py:104 [LEARNER] transitions Queue updated
INFO 2025-09-09 21:18:03 r_service.py:67 [LEARNER] Push parameters to the Actor
INFO 2025-09-09 21:18:05 r_service.py:67 [LEARNER] Push parameters to the Actor
INFO 2025-09-09 21:18:07 r_service.py:67 [LEARNER] Push parameters to the Actor
INFO 2025-09-09 21:18:09 r_service.py:67 [LEARNER] Push parameters to the Actor
INFO 2025-09-09 21:18:11 r_service.py:67 [LEARNER] Push parameters to the Actor
INFO 2025-09-09 21:18:13 r_service.py:67 [LEARNER] Push parameters to the Actor
INFO 2025-09-09 21:18:15 r_service.py:67 [LEARNER] Push parameters to the Actor
INFO 2025-09-09 21:18:17 r_service.py:67 [LEARNER] Push parameters to the Actor
INFO 2025-09-09 21:18:19 r_service.py:67 [LEARNER] Push parameters to the Actor
INFO 2025-09-09 21:18:21 r_service.py:67 [LEARNER] Push parameters to the Actor
DEBUG 2025-09-09 21:18:22 ort/utils.py:76 [LEARNER] transitions Received item
DEBUG 2025-09-09 21:18:22 ort/utils.py:93 [LEARNER] transitions Received data at step end size 1049463
DEBUG 2025-09-09 21:18:22 rt/utils.py:104 [LEARNER] transitions Queue updated
DEBUG 2025-09-09 21:18:22 ort/utils.py:76 [LEARNER] interactions Received item
DEBUG 2025-09-09 21:18:22 ort/utils.py:93 [LEARNER] interactions Received data at step end size 192
DEBUG 2025-09-09 21:18:22 rt/utils.py:104 [LEARNER] interactions Queue updated
INFO 2025-09-09 21:18:24 r_service.py:67 [LEARNER] Push parameters to the Actor
INFO 2025-09-09 21:18:26 r_service.py:67 [LEARNER] Push parameters to the Actor
INFO 2025-09-09 21:18:28 r_service.py:67 [LEARNER] Push parameters to the Actor
INFO 2025-09-09 21:18:30 r_service.py:67 [LEARNER] Push parameters to the Actor
